<?xml version="1.0" encoding="UTF-8"?>
<!-- Generated by org.testng.reporters.JUnitXMLReporter -->
<testsuite hostname="XuZdeMacBook-Air.local" name="Surefire test" tests="3" failures="0" timestamp="7 Nov 2017 02:57:59 GMT" time="3.802" errors="0">
  <testcase name="hasMatchedUser" time="0.131" classname="com.spring.tutorial.service.UserServiceTest"/>
  <testcase name="findUserByUserName" time="0.156" classname="com.spring.tutorial.service.UserServiceTest"/>
  <testcase name="addLoginLog" time="0.203" classname="com.spring.tutorial.service.UserServiceTest"/>
</testsuite> <!-- Surefire test -->
