<?xml version="1.0" encoding="UTF-8"?>
<testng-results skipped="0" failed="0" total="3" passed="3">
  <reporter-output>
  </reporter-output>
  <suite name="Surefire suite" duration-ms="3802" started-at="2017-11-07T02:57:50Z" finished-at="2017-11-07T02:57:54Z">
    <groups>
    </groups>
    <test name="Surefire test" duration-ms="3802" started-at="2017-11-07T02:57:50Z" finished-at="2017-11-07T02:57:54Z">
      <class name="com.spring.tutorial.service.UserServiceTest">
        <test-method status="PASS" signature="springTestContextBeforeTestClass()[pri:0, instance:com.spring.tutorial.service.UserServiceTest@72b6cbcc]" name="springTestContextBeforeTestClass" is-config="true" duration-ms="21" started-at="2017-11-06T21:57:50Z" finished-at="2017-11-06T21:57:50Z">
          <reporter-output>
          </reporter-output>
        </test-method> <!-- springTestContextBeforeTestClass -->
        <test-method status="PASS" signature="springTestContextPrepareTestInstance()[pri:0, instance:com.spring.tutorial.service.UserServiceTest@72b6cbcc]" name="springTestContextPrepareTestInstance" is-config="true" duration-ms="2940" started-at="2017-11-06T21:57:50Z" depends-on-methods="org.springframework.test.context.testng.AbstractTestNGSpringContextTests.springTestContextBeforeTestClass" finished-at="2017-11-06T21:57:53Z">
          <reporter-output>
          </reporter-output>
        </test-method> <!-- springTestContextPrepareTestInstance -->
        <test-method status="PASS" signature="springTestContextBeforeTestMethod(java.lang.reflect.Method)[pri:0, instance:com.spring.tutorial.service.UserServiceTest@72b6cbcc]" name="springTestContextBeforeTestMethod" is-config="true" duration-ms="600" started-at="2017-11-06T21:57:53Z" finished-at="2017-11-06T21:57:54Z">
          <params>
            <param index="0">
              <value>
                <![CDATA[public void com.spring.tutorial.service.UserServiceTest.findUserByUserName() throws java.lang.Exception]]>
              </value>
            </param>
          </params>
          <reporter-output>
          </reporter-output>
        </test-method> <!-- springTestContextBeforeTestMethod -->
        <test-method status="PASS" signature="springTestContextBeforeTestMethod(java.lang.reflect.Method)[pri:0, instance:com.spring.tutorial.service.UserServiceTest@72b6cbcc]" name="springTestContextBeforeTestMethod" is-config="true" duration-ms="593" started-at="2017-11-06T21:57:53Z" finished-at="2017-11-06T21:57:54Z">
          <params>
            <param index="0">
              <value>
                <![CDATA[public void com.spring.tutorial.service.UserServiceTest.addLoginLog()]]>
              </value>
            </param>
          </params>
          <reporter-output>
          </reporter-output>
        </test-method> <!-- springTestContextBeforeTestMethod -->
        <test-method status="PASS" signature="springTestContextBeforeTestMethod(java.lang.reflect.Method)[pri:0, instance:com.spring.tutorial.service.UserServiceTest@72b6cbcc]" name="springTestContextBeforeTestMethod" is-config="true" duration-ms="592" started-at="2017-11-06T21:57:53Z" finished-at="2017-11-06T21:57:54Z">
          <params>
            <param index="0">
              <value>
                <![CDATA[public void com.spring.tutorial.service.UserServiceTest.hasMatchedUser()]]>
              </value>
            </param>
          </params>
          <reporter-output>
          </reporter-output>
        </test-method> <!-- springTestContextBeforeTestMethod -->
        <test-method status="PASS" signature="hasMatchedUser()[pri:0, instance:com.spring.tutorial.service.UserServiceTest@72b6cbcc]" name="hasMatchedUser" duration-ms="131" started-at="2017-11-06T21:57:54Z" finished-at="2017-11-06T21:57:54Z">
          <reporter-output>
          </reporter-output>
        </test-method> <!-- hasMatchedUser -->
        <test-method status="PASS" signature="addLoginLog()[pri:0, instance:com.spring.tutorial.service.UserServiceTest@72b6cbcc]" name="addLoginLog" duration-ms="203" started-at="2017-11-06T21:57:54Z" finished-at="2017-11-06T21:57:54Z">
          <reporter-output>
          </reporter-output>
        </test-method> <!-- addLoginLog -->
        <test-method status="PASS" signature="findUserByUserName()[pri:0, instance:com.spring.tutorial.service.UserServiceTest@72b6cbcc]" name="findUserByUserName" duration-ms="156" started-at="2017-11-06T21:57:54Z" finished-at="2017-11-06T21:57:54Z">
          <reporter-output>
          </reporter-output>
        </test-method> <!-- findUserByUserName -->
        <test-method status="PASS" signature="springTestContextAfterTestMethod(java.lang.reflect.Method)[pri:0, instance:com.spring.tutorial.service.UserServiceTest@72b6cbcc]" name="springTestContextAfterTestMethod" is-config="true" duration-ms="7" started-at="2017-11-06T21:57:54Z" finished-at="2017-11-06T21:57:54Z">
          <params>
            <param index="0">
              <value>
                <![CDATA[public void com.spring.tutorial.service.UserServiceTest.hasMatchedUser()]]>
              </value>
            </param>
          </params>
          <reporter-output>
          </reporter-output>
        </test-method> <!-- springTestContextAfterTestMethod -->
        <test-method status="PASS" signature="springTestContextAfterTestMethod(java.lang.reflect.Method)[pri:0, instance:com.spring.tutorial.service.UserServiceTest@72b6cbcc]" name="springTestContextAfterTestMethod" is-config="true" duration-ms="4" started-at="2017-11-06T21:57:54Z" finished-at="2017-11-06T21:57:54Z">
          <params>
            <param index="0">
              <value>
                <![CDATA[public void com.spring.tutorial.service.UserServiceTest.findUserByUserName() throws java.lang.Exception]]>
              </value>
            </param>
          </params>
          <reporter-output>
          </reporter-output>
        </test-method> <!-- springTestContextAfterTestMethod -->
        <test-method status="PASS" signature="springTestContextAfterTestMethod(java.lang.reflect.Method)[pri:0, instance:com.spring.tutorial.service.UserServiceTest@72b6cbcc]" name="springTestContextAfterTestMethod" is-config="true" duration-ms="14" started-at="2017-11-06T21:57:54Z" finished-at="2017-11-06T21:57:54Z">
          <params>
            <param index="0">
              <value>
                <![CDATA[public void com.spring.tutorial.service.UserServiceTest.addLoginLog()]]>
              </value>
            </param>
          </params>
          <reporter-output>
          </reporter-output>
        </test-method> <!-- springTestContextAfterTestMethod -->
        <test-method status="PASS" signature="springTestContextAfterTestClass()[pri:0, instance:com.spring.tutorial.service.UserServiceTest@72b6cbcc]" name="springTestContextAfterTestClass" is-config="true" duration-ms="0" started-at="2017-11-06T21:57:54Z" finished-at="2017-11-06T21:57:54Z">
          <reporter-output>
          </reporter-output>
        </test-method> <!-- springTestContextAfterTestClass -->
      </class> <!-- com.spring.tutorial.service.UserServiceTest -->
    </test> <!-- Surefire test -->
  </suite> <!-- Surefire suite -->
</testng-results>
